<?xml version="1.0" encoding="UTF-8"?>
<!-- Generated by org.testng.reporters.JUnitReportReporter -->
<testsuite hostname="EPINCHEW016A" failures="0" tests="14" name="testing.TestNNNg" time="0.010" errors="1" timestamp="2023-10-15T22:27:24 IST" skipped="13">
  <testcase classname="testing.TestNNNg" name="testSubtractNegative" time="0.000">
    <skipped/>
  </testcase> <!-- testSubtractNegative -->
  <system-out/>
  <testcase classname="testing.TestNNNg" name="test1DivideByZero" time="0.000">
    <skipped/>
  </testcase> <!-- test1DivideByZero -->
  <system-out/>
  <testcase classname="testing.TestNNNg" name="testAddPositive" time="0.000">
    <skipped/>
  </testcase> <!-- testAddPositive -->
  <system-out/>
  <testcase classname="testing.TestNNNg" name="testAdd" time="0.000">
    <skipped/>
  </testcase> <!-- testAdd -->
  <system-out/>
  <testcase classname="testing.TestNNNg" name="testSubtractPositive" time="0.000">
    <skipped/>
  </testcase> <!-- testSubtractPositive -->
  <system-out/>
  <testcase classname="testing.TestNNNg" name="testDivideByZero" time="0.000">
    <skipped/>
  </testcase> <!-- testDivideByZero -->
  <system-out/>
  <testcase classname="testing.TestNNNg" name="testMultiplyPositive" time="0.000">
    <skipped/>
  </testcase> <!-- testMultiplyPositive -->
  <system-out/>
  <testcase classname="testing.TestNNNg" name="testAddNegative" time="0.000">
    <skipped/>
  </testcase> <!-- testAddNegative -->
  <system-out/>
  <testcase classname="testing.TestNNNg" name="testDivideByZeroWithNegativeOperand" time="0.000">
    <skipped/>
  </testcase> <!-- testDivideByZeroWithNegativeOperand -->
  <system-out/>
  <testcase classname="testing.TestNNNg" name="testDividePositive" time="0.000">
    <skipped/>
  </testcase> <!-- testDividePositive -->
  <system-out/>
  <testcase classname="testing.TestNNNg" name="testAdd" time="0.000">
    <skipped/>
  </testcase> <!-- testAdd -->
  <system-out/>
  <testcase classname="testing.TestNNNg" name="testAdd" time="0.000">
    <skipped/>
  </testcase> <!-- testAdd -->
  <system-out/>
  <testcase classname="testing.TestNNNg" name="testMultiplyNegative" time="0.000">
    <skipped/>
  </testcase> <!-- testMultiplyNegative -->
  <system-out/>
  <testcase classname="testing.TestNNNg" name="teststart" time="0.010">
    <error message="Cannot invoke &quot;com.aventstack.extentreports.ExtentTest.createNode(String)&quot; because &quot;testing.TestNNNg.test&quot; is null" type="java.lang.NullPointerException">
      <![CDATA[java.lang.NullPointerException: Cannot invoke "com.aventstack.extentreports.ExtentTest.createNode(String)" because "testing.TestNNNg.test" is null
at testing.TestNNNg.teststart(TestNNNg.java:29)
at java.base/jdk.internal.reflect.NativeMethodAccessorImpl.invoke0(Native Method)
at java.base/jdk.internal.reflect.NativeMethodAccessorImpl.invoke(NativeMethodAccessorImpl.java:77)
at java.base/jdk.internal.reflect.DelegatingMethodAccessorImpl.invoke(DelegatingMethodAccessorImpl.java:43)
at java.base/java.lang.reflect.Method.invoke(Method.java:568)
at org.testng.internal.MethodInvocationHelper.invokeMethod(MethodInvocationHelper.java:133)
at org.testng.internal.MethodInvocationHelper.invokeMethodConsideringTimeout(MethodInvocationHelper.java:62)
at org.testng.internal.ConfigInvoker.invokeConfigurationMethod(ConfigInvoker.java:385)
at org.testng.internal.ConfigInvoker.invokeConfigurations(ConfigInvoker.java:321)
at org.testng.SuiteRunner.privateRun(SuiteRunner.java:317)
at org.testng.SuiteRunner.run(SuiteRunner.java:276)
at org.testng.SuiteRunnerWorker.runSuite(SuiteRunnerWorker.java:53)
at org.testng.SuiteRunnerWorker.run(SuiteRunnerWorker.java:96)
at org.testng.TestNG.runSuitesSequentially(TestNG.java:1212)
at org.testng.TestNG.runSuitesLocally(TestNG.java:1134)
at org.testng.TestNG.runSuites(TestNG.java:1063)
at org.testng.TestNG.run(TestNG.java:1031)
at org.testng.remote.AbstractRemoteTestNG.run(AbstractRemoteTestNG.java:115)
at org.testng.remote.RemoteTestNG.initAndRun(RemoteTestNG.java:251)
at org.testng.remote.RemoteTestNG.main(RemoteTestNG.java:77)
]]>
    </error>
  </testcase> <!-- teststart -->
  <system-out/>
</testsuite> <!-- testing.TestNNNg -->
